<?xml version="1.0" encoding="UTF-8"?>
<!-- Generated by org.testng.reporters.JUnitReportReporter -->
<testsuite hostname="DESKTOP-Q82T3AI" failures="0" tests="1" name="eComProject.Ajio" time="67.461" errors="0" timestamp="2023-08-23T13:59:03 IST" skipped="0">
  <testcase classname="eComProject.Ajio" name="ajioTest" time="67.461"/>
  <system-out>
    <![CDATA[Opening Ajio ]]>
  </system-out>
</testsuite> <!-- eComProject.Ajio -->
