<?xml version="1.0" encoding="UTF-8"?>
<!-- Generated by org.testng.reporters.JUnitReportReporter -->
<testsuite hostname="DESKTOP-Q82T3AI" failures="0" tests="3" name="testngDataProvider.FbloginTest" time="24.827" errors="0" timestamp="2023-08-28T15:58:36 IST" skipped="0">
  <testcase classname="testngDataProvider.FbloginTest" name="fbloginData" time="9.284"/>
  <system-out/>
  <testcase classname="testngDataProvider.FbloginTest" name="fbloginData" time="8.477"/>
  <system-out/>
  <testcase classname="testngDataProvider.FbloginTest" name="fbloginData" time="7.066"/>
  <system-out/>
</testsuite> <!-- testngDataProvider.FbloginTest -->
