<?xml version="1.0" encoding="UTF-8"?>
<!-- Generated by org.testng.reporters.JUnitReportReporter -->
<testsuite hostname="DESKTOP-Q82T3AI" failures="0" tests="4" name="testngPrac.IncludeExcludePrac1" time="0.047" errors="0" timestamp="2023-08-26T16:39:31 IST" skipped="0">
  <testcase classname="testngPrac.IncludeExcludePrac1" name="t" time="0.003"/>
  <system-out>
    <![CDATA[This is from t method]]>
  </system-out>
  <testcase classname="testngPrac.IncludeExcludePrac1" name="r" time="0.008"/>
  <system-out>
    <![CDATA[This is from r method]]>
  </system-out>
  <testcase classname="testngPrac.IncludeExcludePrac1" name="p" time="0.025"/>
  <system-out>
    <![CDATA[This is from p method]]>
  </system-out>
  <testcase classname="testngPrac.IncludeExcludePrac1" name="s" time="0.011"/>
  <system-out>
    <![CDATA[This is from s method]]>
  </system-out>
</testsuite> <!-- testngPrac.IncludeExcludePrac1 -->
