<?xml version="1.0" encoding="UTF-8"?>
<!-- Generated by org.testng.reporters.JUnitReportReporter -->
<testsuite hostname="DESKTOP-Q82T3AI" failures="0" tests="1" name="serialParallelExcution.Flipkart" time="23.625" errors="0" timestamp="2023-10-21T17:33:57 IST" skipped="0">
  <testcase classname="serialParallelExcution.Flipkart" name="flipkartTest" time="23.625"/>
  <system-out>
    <![CDATA[Opening Flipkart]]>
  </system-out>
</testsuite> <!-- serialParallelExcution.Flipkart -->
