<?xml version="1.0" encoding="UTF-8"?>
<!-- Generated by org.testng.reporters.JUnitReportReporter -->
<testsuite hostname="DESKTOP-Q82T3AI" failures="0" tests="3" name="testngPrac.IncludeExcudePrac" time="0.019" errors="0" timestamp="2023-08-26T16:39:31 IST" skipped="0">
  <testcase classname="testngPrac.IncludeExcudePrac" name="d" time="0.007"/>
  <system-out>
    <![CDATA[This is from d method]]>
  </system-out>
  <testcase classname="testngPrac.IncludeExcudePrac" name="b" time="0.003"/>
  <system-out>
    <![CDATA[This is from b method]]>
  </system-out>
  <testcase classname="testngPrac.IncludeExcudePrac" name="e" time="0.009"/>
  <system-out>
    <![CDATA[This is from e method]]>
  </system-out>
</testsuite> <!-- testngPrac.IncludeExcudePrac -->
