<?xml version="1.0" encoding="UTF-8"?>
<!-- Generated by org.testng.reporters.JUnitReportReporter -->
<testsuite hostname="DESKTOP-Q82T3AI" failures="0" tests="1" name="serialParallelExcution.Amazon" time="15.677" errors="0" timestamp="2023-10-21T17:33:57 IST" skipped="0">
  <testcase classname="serialParallelExcution.Amazon" name="amazonTest" time="15.677"/>
  <system-out>
    <![CDATA[Opening Amazon ]]>
  </system-out>
</testsuite> <!-- serialParallelExcution.Amazon -->
