<?xml version="1.0" encoding="UTF-8"?>
<!-- Generated by org.testng.reporters.JUnitReportReporter -->
<testsuite hostname="DESKTOP-Q82T3AI" failures="0" tests="2" name="crossBrowserTesting.CrossBrowserTesing" time="25.569" errors="0" timestamp="2023-08-28T16:48:50 IST" skipped="0">
  <testcase classname="crossBrowserTesting.CrossBrowserTesing" name="cbTesting" time="12.824"/>
  <system-out/>
  <testcase classname="crossBrowserTesting.CrossBrowserTesing" name="cbTesting" time="12.745"/>
  <system-out/>
</testsuite> <!-- crossBrowserTesting.CrossBrowserTesing -->
